2023-05-24 22:40:30  INFO  - com.company.YouTubeDemoApplication  - Starting YouTubeDemoApplication using Java 1.8.0_352 on WIN-560ILB750GN with PID 12020 (C:\MyAllProject\you_tube_demo\target\classes started by KARIMXON in C:\MyAllProject\you_tube_demo)
2023-05-24 22:40:30  INFO  - com.company.YouTubeDemoApplication  - No active profile set, falling back to 1 default profile: "default"
2023-05-24 22:40:32  INFO  - org.springframework.data.repository.config.RepositoryConfigurationDelegate  - Bootstrapping Spring Data JPA repositories in DEFAULT mode.
2023-05-24 22:40:32  INFO  - org.springframework.data.repository.config.RepositoryConfigurationDelegate  - Finished Spring Data repository scanning in 81 ms. Found 16 JPA repository interfaces.
2023-05-24 22:40:33  INFO  - org.springframework.boot.web.embedded.tomcat.TomcatWebServer  - Tomcat initialized with port(s): 8080 (http)
2023-05-24 22:40:33  INFO  - org.apache.catalina.core.StandardService  - Starting service [Tomcat]
2023-05-24 22:40:33  INFO  - org.apache.catalina.core.StandardEngine  - Starting Servlet engine: [Apache Tomcat/9.0.64]
2023-05-24 22:40:34  INFO  - org.apache.catalina.core.ContainerBase.[Tomcat].[localhost].[/]  - Initializing Spring embedded WebApplicationContext
2023-05-24 22:40:34  INFO  - org.springframework.boot.web.servlet.context.ServletWebServerApplicationContext  - Root WebApplicationContext: initialization completed in 4442 ms
2023-05-24 22:40:34  INFO  - org.hibernate.jpa.internal.util.LogHelper  - HHH000204: Processing PersistenceUnitInfo [name: default]
2023-05-24 22:40:34  INFO  - org.hibernate.Version  - HHH000412: Hibernate ORM core version 5.6.9.Final
2023-05-24 22:40:35  INFO  - org.hibernate.annotations.common.Version  - HCANN000001: Hibernate Commons Annotations {5.1.2.Final}
2023-05-24 22:40:35  INFO  - com.zaxxer.hikari.HikariDataSource  - HikariPool-1 - Starting...
2023-05-24 22:40:35  INFO  - com.zaxxer.hikari.HikariDataSource  - HikariPool-1 - Start completed.
2023-05-24 22:40:35  INFO  - org.hibernate.dialect.Dialect  - HHH000400: Using dialect: org.hibernate.dialect.PostgreSQL10Dialect
2023-05-24 22:40:35  WARN  - org.hibernate.id.UUIDHexGenerator  - HHH000409: Using org.hibernate.id.UUIDHexGenerator which does not generate IETF RFC 4122 compliant UUID values; consider using org.hibernate.id.UUIDGenerator instead
2023-05-24 22:40:36  INFO  - org.hibernate.engine.transaction.jta.platform.internal.JtaPlatformInitiator  - HHH000490: Using JtaPlatform implementation: [org.hibernate.engine.transaction.jta.platform.internal.NoJtaPlatform]
2023-05-24 22:40:36  INFO  - org.springframework.orm.jpa.LocalContainerEntityManagerFactoryBean  - Initialized JPA EntityManagerFactory for persistence unit 'default'
2023-05-24 22:40:36  WARN  - org.springframework.boot.autoconfigure.orm.jpa.JpaBaseConfiguration$JpaWebConfiguration  - spring.jpa.open-in-view is enabled by default. Therefore, database queries may be performed during view rendering. Explicitly configure spring.jpa.open-in-view to disable this warning
2023-05-24 22:40:37  INFO  - org.springframework.security.web.DefaultSecurityFilterChain  - Will secure any request with [org.springframework.security.web.session.DisableEncodeUrlFilter@5454be, org.springframework.security.web.context.request.async.WebAsyncManagerIntegrationFilter@2dd08ff1, org.springframework.security.web.context.SecurityContextPersistenceFilter@1f12d5e0, org.springframework.security.web.header.HeaderWriterFilter@e645600, org.springframework.security.web.authentication.logout.LogoutFilter@191b44ca, com.company.config.JwtTokenFilter@4fedf908, org.springframework.security.web.savedrequest.RequestCacheAwareFilter@c1386b4, org.springframework.security.web.servletapi.SecurityContextHolderAwareRequestFilter@77b22b05, org.springframework.security.web.authentication.AnonymousAuthenticationFilter@37dec463, org.springframework.security.web.session.SessionManagementFilter@6b103db7, org.springframework.security.web.access.ExceptionTranslationFilter@37753b69, org.springframework.security.web.access.intercept.FilterSecurityInterceptor@44618fe6]
2023-05-24 22:40:38  INFO  - org.springframework.boot.web.embedded.tomcat.TomcatWebServer  - Tomcat started on port(s): 8080 (http) with context path ''
2023-05-24 22:40:38  INFO  - com.company.YouTubeDemoApplication  - Started YouTubeDemoApplication in 9.195 seconds (JVM running for 17.677)
2023-05-24 22:40:59  INFO  - org.apache.catalina.core.ContainerBase.[Tomcat].[localhost].[/]  - Initializing Spring DispatcherServlet 'dispatcherServlet'
2023-05-24 22:40:59  INFO  - org.springframework.web.servlet.DispatcherServlet  - Initializing Servlet 'dispatcherServlet'
2023-05-24 22:40:59  INFO  - org.springframework.web.servlet.DispatcherServlet  - Completed initialization in 6 ms
